{"/Users/anastasiakorchagina/Unit-testing/src/js/basic.js": {"path":"/Users/anastasiakorchagina/Unit-testing/src/js/basic.js","statementMap":{"0":{"start":{"line":3,"column":2},"end":{"line":11,"column":3}},"1":{"start":{"line":4,"column":4},"end":{"line":4,"column":22}},"2":{"start":{"line":6,"column":7},"end":{"line":11,"column":3}},"3":{"start":{"line":7,"column":4},"end":{"line":7,"column":23}},"4":{"start":{"line":10,"column":4},"end":{"line":10,"column":23}},"5":{"start":{"line":12,"column":2},"end":{"line":12,"column":15}}},"fnMap":{"0":{"name":"objHealth","decl":{"start":{"line":1,"column":24},"end":{"line":1,"column":33}},"loc":{"start":{"line":1,"column":39},"end":{"line":13,"column":1}},"line":1}},"branchMap":{"0":{"loc":{"start":{"line":3,"column":2},"end":{"line":11,"column":3}},"type":"if","locations":[{"start":{"line":3,"column":2},"end":{"line":11,"column":3}},{"start":{"line":6,"column":7},"end":{"line":11,"column":3}}],"line":3},"1":{"loc":{"start":{"line":6,"column":7},"end":{"line":11,"column":3}},"type":"if","locations":[{"start":{"line":6,"column":7},"end":{"line":11,"column":3}},{"start":{"line":9,"column":7},"end":{"line":11,"column":3}}],"line":6},"2":{"loc":{"start":{"line":6,"column":11},"end":{"line":6,"column":45}},"type":"binary-expr","locations":[{"start":{"line":6,"column":11},"end":{"line":6,"column":26}},{"start":{"line":6,"column":30},"end":{"line":6,"column":45}}],"line":6}},"s":{"0":3,"1":1,"2":2,"3":1,"4":1,"5":3},"f":{"0":3},"b":{"0":[1,2],"1":[1,1],"2":[2,2]},"_coverageSchema":"1a1c01bbd47fc00a2c39e90264f33305004495a9","hash":"a4a22bcea584179815aac6707d4ce404ec80822a"}
}
